app/build/intermediates/manifest_merge_blame_file/debug/manifest-merger-blame-debug-report.txt
1<?xml version="1.0" encoding="utf-8"?>
2<manifest xmlns:android="http://schemas.android.com/apk/res/android"
3    package="com.example.filtergame"
4    android:versionCode="1"
5    android:versionName="1.0" >
6
7    <uses-sdk
8        android:minSdkVersion="21"
8-->src\main\AndroidManifest.xml
9        android:targetSdkVersion="31" />
9-->src\main\AndroidManifest.xml
10
11    <uses-permission android:name="android.permission.INTERNET" />
11-->src\main\AndroidManifest.xml:4:5-66
11-->src\main\AndroidManifest.xml:4:22-64
12
13    <application
13-->src\main\AndroidManifest.xml:5:5-58:19
14        android:allowBackup="true"
14-->src\main\AndroidManifest.xml:6:9-35
15        android:appComponentFactory="androidx.core.app.CoreComponentFactory"
15-->[androidx.core:core:1.5.0] AndroidManifest.xml:24:18-86
16        android:debuggable="true"
17        android:icon="@mipmap/ic_launcher"
17-->src\main\AndroidManifest.xml:7:9-43
18        android:label="@string/app_name"
18-->src\main\AndroidManifest.xml:8:9-41
19        android:roundIcon="@mipmap/ic_launcher_round"
19-->src\main\AndroidManifest.xml:9:9-54
20        android:supportsRtl="true"
20-->src\main\AndroidManifest.xml:10:9-35
21        android:testOnly="true"
22        android:theme="@style/Theme.FilterGame" >
22-->src\main\AndroidManifest.xml:11:9-48
23        <activity
23-->src\main\AndroidManifest.xml:12:9-21:20
24            android:name="com.example.filtergame.MainActivity"
24-->src\main\AndroidManifest.xml:13:13-41
25            android:exported="true"
25-->src\main\AndroidManifest.xml:15:13-36
26            android:screenOrientation="landscape" >
26-->src\main\AndroidManifest.xml:14:13-50
27            <intent-filter>
27-->src\main\AndroidManifest.xml:16:13-20:29
28                <action android:name="android.intent.action.MAIN" />
28-->src\main\AndroidManifest.xml:17:17-69
28-->src\main\AndroidManifest.xml:17:25-66
29
30                <category android:name="android.intent.category.LAUNCHER" />
30-->src\main\AndroidManifest.xml:19:17-77
30-->src\main\AndroidManifest.xml:19:27-74
31            </intent-filter>
32        </activity>
33        <activity
33-->src\main\AndroidManifest.xml:22:9-30:20
34            android:name="com.example.filtergame.LevelsActivity"
34-->src\main\AndroidManifest.xml:23:13-43
35            android:exported="true"
35-->src\main\AndroidManifest.xml:25:13-36
36            android:screenOrientation="landscape" >
36-->src\main\AndroidManifest.xml:24:13-50
37            <intent-filter>
37-->src\main\AndroidManifest.xml:26:13-29:29
38                <category android:name="android.intent.category.LAUNCHER" />
38-->src\main\AndroidManifest.xml:19:17-77
38-->src\main\AndroidManifest.xml:19:27-74
39            </intent-filter>
40        </activity>
41        <activity
41-->src\main\AndroidManifest.xml:31:9-39:20
42            android:name="com.example.filtergame.SettingsActivity"
42-->src\main\AndroidManifest.xml:32:13-45
43            android:exported="true"
43-->src\main\AndroidManifest.xml:34:13-36
44            android:screenOrientation="landscape" >
44-->src\main\AndroidManifest.xml:33:13-50
45            <intent-filter>
45-->src\main\AndroidManifest.xml:26:13-29:29
46                <category android:name="android.intent.category.LAUNCHER" />
46-->src\main\AndroidManifest.xml:19:17-77
46-->src\main\AndroidManifest.xml:19:27-74
47            </intent-filter>
48        </activity>
49        <activity
49-->src\main\AndroidManifest.xml:40:9-48:20
50            android:name="com.example.filtergame.Level1Activity"
50-->src\main\AndroidManifest.xml:41:13-43
51            android:exported="true"
51-->src\main\AndroidManifest.xml:43:13-36
52            android:screenOrientation="landscape" >
52-->src\main\AndroidManifest.xml:42:13-50
53            <intent-filter>
53-->src\main\AndroidManifest.xml:26:13-29:29
54                <category android:name="android.intent.category.LAUNCHER" />
54-->src\main\AndroidManifest.xml:19:17-77
54-->src\main\AndroidManifest.xml:19:27-74
55            </intent-filter>
56        </activity>
57        <activity
57-->src\main\AndroidManifest.xml:49:9-57:20
58            android:name="com.example.filtergame.MoreLevelsActivity"
58-->src\main\AndroidManifest.xml:50:13-47
59            android:exported="true"
59-->src\main\AndroidManifest.xml:52:13-36
60            android:screenOrientation="landscape" >
60-->src\main\AndroidManifest.xml:51:13-50
61            <intent-filter>
61-->src\main\AndroidManifest.xml:26:13-29:29
62                <category android:name="android.intent.category.LAUNCHER" />
62-->src\main\AndroidManifest.xml:19:17-77
62-->src\main\AndroidManifest.xml:19:27-74
63            </intent-filter>
64        </activity>
65    </application>
66
67</manifest>